Mon Apr 10 12:48:50 PDT 2017

Leader.toText() output:

Description       : Leader           
Nationality       : German           Unit Type               :                  
Identity          :                                                             
Status            : [Broken]                                                    
Movement          : 6                
Portage Capacity  : 1                Portage Level           : 2                
Firepower         : 0                Firepower Equivalent    : 0                
Normal Range      : 0                
Morale            : 9                Broken Morale           : 9                
Can Self Rally ?  : Yes              
Portage Value     : 0                
Basic Point Value : 0                Experience Level Rating : 4                
Infantry Type     : NONE                                                        
Modifier          : -1               

Leader.toString() output:

9-1 Leader

Testing Exception handling for serialization to and from a file:

Caught: java.lang.NullPointerException: Serialization(serializeToFile) - Null parameter received.

Caught: java.lang.IllegalArgumentException: Serialization(serializeToFile) - Invalid parameter received (zero length).

Caught: java.lang.NullPointerException: Serialization(deserializeFromFile) - Null parameter received.

Caught: java.lang.IllegalArgumentException: Serialization(deserializeFromFile) - Invalid parameter received (zero length).

Caught: java.io.FileNotFoundException: /tmp/NonExistentFile (No such file or directory)

(Deserialized) Leader.toText() output:

Description       : Leader           
Nationality       : German           Unit Type               :                  
Identity          : Col. Klink                                                  
Status            : []                                                          
Movement          : 6                
Portage Capacity  : 1                Portage Level           : 2                
Firepower         : 0                Firepower Equivalent    : 0                
Normal Range      : 0                
Morale            : 9                Broken Morale           : 9                
Can Self Rally ?  : Yes              
Portage Value     : 0                
Basic Point Value : 0                Experience Level Rating : 4                
Infantry Type     : NONE                                                        
Modifier          : -1               

(Deserialized) Leader.toString() output:

9-1 Leader (Col. Klink)

(Deserialized) Leader.toJSON() output:

{
 "Description":"LEADER",
 "Unit Label":"9-1 Leader (Col. Klink)",
  "Nationality":"GERMAN",
  "Unit Type":"",
  "Identity":"Col. Klink",
  "Status":0,
   "Movement":6,
   "Portage Capacity":1,
   "Portage Level":2,
    "Firepower":"0",
    "Firepower Equivalent":0,
    "Normal Range":0,
    "Morale":9,
    "Broken Morale":9,
    "Can Self Rally ?":true,
    "Portage Value":0,
    "Basic Point Value":0,
    "Experience Level Rating":4,
    "Infantry Type":"NONE",
     "Modifier":-1
}

Squad.toText() output:

Description       : Squad            
Nationality       : Russian          Unit Type               : Guards           
Identity          :                                                             
Status            : [Desperate]                                                 
Movement          : 4                
Portage Capacity  : 3                Portage Level           : 0                
Firepower         : 6                Firepower Equivalent    : 6                
Normal Range      : 2                
Morale            : 8                Broken Morale           : 8                
Can Self Rally ?  : No               
Portage Value     : 10               
Basic Point Value : 12               Experience Level Rating : 4                
Infantry Type     : GUARDS                                                      
Has Maximum ELR ? : No               Classification          : Elite            
Can Assault Fire ?: Yes              Can Spray Fire ?        : Yes              
Smoke Placement Ex: 0                

Squad.toString() output:

6-2-8 Squad

Testing Exception handling for serialization to and from a byte array:

Caught: java.lang.NullPointerException: Serialization(serializeToByteArray) - Null parameter received.

Caught: java.lang.NullPointerException: Serialization(deserializeFromByteArray) - Null parameter received.

(Deserialized) Squad.toText() output:

Description       : Squad            
Nationality       : Russian          Unit Type               : Guards           
Identity          : A                                                           
Status            : [Broken]                                                    
Movement          : 4                
Portage Capacity  : 3                Portage Level           : 0                
Firepower         : 6                Firepower Equivalent    : 6                
Normal Range      : 2                
Morale            : 8                Broken Morale           : 8                
Can Self Rally ?  : No               
Portage Value     : 10               
Basic Point Value : 12               Experience Level Rating : 4                
Infantry Type     : GUARDS                                                      
Has Maximum ELR ? : No               Classification          : Elite            
Can Assault Fire ?: Yes              Can Spray Fire ?        : Yes              
Smoke Placement Ex: 0                

(Deserialized) Squad.toString() output:

6-2-8 Squad (A)

(Deserialized) Squad.toJSON() output:

{
 "Description":"SQUAD",
 "Unit Label":"6-2-8 Squad (A)",
  "Nationality":"RUSSIAN",
  "Unit Type":"Guards",
  "Identity":"A",
  "Status":1,
   "Movement":4,
   "Portage Capacity":3,
   "Portage Level":0,
    "Firepower":"6",
    "Firepower Equivalent":6,
    "Normal Range":2,
    "Morale":8,
    "Broken Morale":8,
    "Can Self Rally ?":false,
    "Portage Value":10,
    "Basic Point Value":12,
    "Experience Level Rating":4,
    "Infantry Type":"GUARDS",
     "Has Maximum ELR ?":false,
     "Classification":"ELITE",
      "Can Assault Fire ?":true,
      "Can Spray Fire ?":true,
      "Smoke Placement Exponent":0
}

Building Unit array with a Leader & 3 Squads

Displaying Unit array with a Leader & 3 Squads

UnitList[0]:	9-1 Leader (Sgt. Slaughter)

Leader
Sgt. Slaughter

6
[]

UnitList[1]:	6-6-6 Squad (X)

Squad
X

4
[Broken]

UnitList[2]:	6-6-6 Squad (Y)

Squad
Y

4
[Desperate]

UnitList[3]:	6-6-6 Squad (Z)

Squad
Z

4
[]

Testing Exception handling for Squad update methods:

Invalid portage level parameter:

Caught: java.lang.IllegalArgumentException: Mobile(setPortageLevel) - Invalid parameter(s) received : -1

Testing Exception handling during Squad creation:

Incompatible nationality and unitType parameters:

Caught: java.lang.IllegalArgumentException: Infantry(constructor) - Invalid parameter(s) received : British and Engineers

Incompatible description and unitType parameters:

Caught: java.lang.IllegalArgumentException: Infantry(constructor) - Invalid parameter(s) received : Squad and Commissar

Invalid (less than 0) firepower parameter:

Caught: java.lang.IllegalArgumentException: Infantry(constructor) - Invalid parameter(s) received : -1

Invalid (greater than maximum) firepower parameter:

Caught: java.lang.IllegalArgumentException: Infantry(constructor) - Invalid parameter(s) received : 11

Invalid (less than 0) normal range parameter:

Caught: java.lang.IllegalArgumentException: Infantry(constructor) - Invalid parameter(s) received : -255

Invalid (less than 0) morale parameter:

Caught: java.lang.IllegalArgumentException: Infantry(constructor) - Invalid parameter(s) received : -1

Invalid (greater than maximum) morale parameter:

Caught: java.lang.IllegalArgumentException: Infantry(constructor) - Invalid parameter(s) received : 11

Invalid (less than 0) broken morale parameter:

Caught: java.lang.IllegalArgumentException: Infantry(constructor) - Invalid parameter(s) received : -7

Invalid (greater than maximum) broken morale parameter:

Caught: java.lang.IllegalArgumentException: Infantry(constructor) - Invalid parameter(s) received : 17

Invalid (less than zero) Basic Point Value (BPV):

Caught: java.lang.IllegalArgumentException: Infantry(constructor) - Invalid parameter(s) received : -1

Invalid (less than zero) Experience Level Rating (ELR):

Caught: java.lang.IllegalArgumentException: Infantry(constructor) - Invalid parameter(s) received : -1

Invalid (greater than maximum) Experience Level Rating (ELR):

Caught: java.lang.IllegalArgumentException: Infantry(constructor) - Invalid parameter(s) received : 6

Incompatible classification parameter:

Caught: java.lang.IllegalArgumentException: Personnel(constructor) - Invalid parameter(s) received : Italian and SS

Invalid (less than zero) Smoke Placement Exponent:

Caught: java.lang.IllegalArgumentException: Squad(constructor) - Invalid parameter(s) received : -4

Invalid (greater than maximum) Smoke Placement Exponent:

Caught: java.lang.IllegalArgumentException: Squad(constructor) - Invalid parameter(s) received : 4

Testing Exception handling during Leader creation:

Invalid (less than minimum) modifier parameter:

Caught: java.lang.IllegalArgumentException: Leader(constructor) - Invalid parameter(s) received : -4

Invalid (greater than maximum) modifier parameter:

Caught: java.lang.IllegalArgumentException: Leader(constructor) - Invalid parameter(s) received : 4

Testing the execution of the Dice class:

White Die         : 3    Colored Die       : 4    Combined Result   : 7    

White Die         : 3    Colored Die       : 4    Combined Result   : 7    

White Die         : 6    Colored Die       : 6    Combined Result   : 12   

White Die         : 5    Colored Die       : 1    Combined Result   : 6    

White Die         : 3    Colored Die       : 1    Combined Result   : 4    

White Die         : 3    Colored Die       : 6    Combined Result   : 9    

White Die         : 4    Colored Die       : 6    Combined Result   : 10   

White Die         : 2    Colored Die       : 1    Combined Result   : 3    

White Die         : 4    Colored Die       : 5    Combined Result   : 9    

White Die         : 6    Colored Die       : 2    Combined Result   : 8    

White Die         : 4    Colored Die       : 4    Combined Result   : 8    

White Die         : 2    Colored Die       : 4    Combined Result   : 6    

Testing the operations of the Game class:

Side:	Allies

	Nationalities:	"American" "British" "Russian" "French" "Partisan" "Allied Minor" 

Player:	Pixie

	Nationality:	American
	Entry Turn :	1

	Units:
		9-1 Leader
		7-4-7 Squad
		7-4-7 Squad
		7-4-7 Squad

Side:	Axis

	Nationalities:	"German" "Japanese" "Italian" "Finnish" "Axis Minor" 

Player:	Buddy

	Nationality:	German
	Entry Turn :	1

	Units:
		8-1 Leader
		6-5-8 Squad
		6-5-8 Squad
		6-5-8 Squad

Active side   :	Allies
Setup Complete:	false

